10:09:17 INFO  : Registering command handlers for SDK TCF services
10:09:18 INFO  : Launching XSCT server: xsct.bat -interactive C:\Users\GergeM29329\OneDrive - PerkinElmer Inc\Documents\nexiongui_v8\temp_xsdb_launch_script.tcl
10:09:20 ERROR : (XSDB Server)couldn't read file "C:\Users\GergeM29329\OneDrive": permission denied

10:12:19 ERROR : Timed out. 180 seconds have elapsed while waiting for XSCT server to launch.
10:12:19 INFO  : Launching XSCT server: xsct.bat -interactive C:\Users\GergeM29329\OneDrive - PerkinElmer Inc\Documents\nexiongui_v8\temp_xsdb_launch_script.tcl
10:12:21 ERROR : (XSDB Server)couldn't read file "C:\Users\GergeM29329\OneDrive": permission denied

09:03:52 INFO  : Registering command handlers for SDK TCF services
09:03:53 INFO  : Launching XSCT server: xsct.bat -interactive C:\Users\GergeM29329\OneDrive - PerkinElmer Inc\Documents\nexiongui_v8\temp_xsdb_launch_script.tcl
09:03:55 ERROR : (XSDB Server)couldn't read file "C:\Users\GergeM29329\OneDrive": permission denied

09:06:54 ERROR : Timed out. 180 seconds have elapsed while waiting for XSCT server to launch.
09:06:54 INFO  : Launching XSCT server: xsct.bat -interactive C:\Users\GergeM29329\OneDrive - PerkinElmer Inc\Documents\nexiongui_v8\temp_xsdb_launch_script.tcl
09:06:56 ERROR : (XSDB Server)couldn't read file "C:\Users\GergeM29329\OneDrive": permission denied

09:09:55 ERROR : Timed out. 180 seconds have elapsed while waiting for XSCT server to launch.
09:09:55 ERROR : Failed to call init_repo
Reason: xsct server communication channel is not established.
09:09:55 ERROR : Exception raised in executing the command =Failed to call init_repo
Reason: xsct server communication channel is not established. 
09:09:55 ERROR : Workspace location C:\Users\GergeM29329\OneDrive - PerkinElmer Inc\Documents\nexiongui_v8 contains spaces. Please switch to a workspace without spaces in its path.
16:09:37 INFO  : Registering command handlers for SDK TCF services
16:09:37 INFO  : Launching XSCT server: xsct.bat -interactive C:\Users\GergeM29329\OneDrive - PerkinElmer Inc\Documents\nexiongui_v8\temp_xsdb_launch_script.tcl
16:30:17 INFO  : Registering command handlers for SDK TCF services
16:30:17 INFO  : Launching XSCT server: xsct.bat -interactive C:\Users\GergeM29329\OneDrive - PerkinElmer Inc\Documents\nexiongui_v8\temp_xsdb_launch_script.tcl
16:31:03 INFO  : Registering command handlers for SDK TCF services
16:31:03 INFO  : Launching XSCT server: xsct.bat -interactive C:\Users\GergeM29329\OneDrive - PerkinElmer Inc\Documents\nexiongui_v8\temp_xsdb_launch_script.tcl
16:31:07 ERROR : (XSDB Server)couldn't read file "C:\Users\GergeM29329\OneDrive": permission denied

16:34:04 ERROR : Timed out. 180 seconds have elapsed while waiting for XSCT server to launch.
16:34:04 INFO  : Launching XSCT server: xsct.bat -interactive C:\Users\GergeM29329\OneDrive - PerkinElmer Inc\Documents\nexiongui_v8\temp_xsdb_launch_script.tcl
16:34:07 ERROR : (XSDB Server)couldn't read file "C:\Users\GergeM29329\OneDrive": permission denied

16:37:05 ERROR : Timed out. 180 seconds have elapsed while waiting for XSCT server to launch.
16:37:05 ERROR : Failed to call init_repo
Reason: xsct server communication channel is not established.
16:37:05 ERROR : Exception raised in executing the command =Failed to call init_repo
Reason: xsct server communication channel is not established. 
16:37:05 ERROR : Workspace location C:\Users\GergeM29329\OneDrive - PerkinElmer Inc\Documents\nexiongui_v8 contains spaces. Please switch to a workspace without spaces in its path.
